<?xml version="1.0" encoding="UTF-8"?>
<!-- Generated by org.testng.reporters.JUnitReportReporter -->
<testsuite skipped="0" hostname="DESKTOP-7R3P0HE" name="com.testng.Demotestng" tests="2" failures="0" timestamp="2020-05-08T19:29:22 IST" time="0.009" errors="0">
  <testcase name="print" time="0.001" classname="com.testng.Demotestng"/>
  <testcase name="add" time="0.008" classname="com.testng.Demotestng"/>
</testsuite> <!-- com.testng.Demotestng -->
